TN:
SF:src\Accumulator.ts
FN:7,(anonymous_0)
FN:12,(anonymous_1)
FN:22,(anonymous_2)
FN:32,(anonymous_3)
FN:45,(anonymous_4)
FN:55,(anonymous_5)
FNF:6
FNH:6
FNDA:6,(anonymous_0)
FNDA:2,(anonymous_1)
FNDA:3,(anonymous_2)
FNDA:15,(anonymous_3)
FNDA:3,(anonymous_4)
FNDA:1,(anonymous_5)
DA:1,2
DA:8,6
DA:9,12
DA:13,4
DA:23,3
DA:33,15
DA:35,15
DA:36,10
DA:46,3
DA:48,3
DA:49,2
DA:56,2
DA:60,6
LF:13
LH:13
BRDA:7,0,0,2
BRDA:23,1,0,2
BRDA:23,1,1,1
BRDA:23,2,0,3
BRDA:23,2,1,3
BRDA:35,3,0,5
BRDA:35,3,1,10
BRDA:48,4,0,1
BRDA:48,4,1,2
BRF:9
BRH:9
end_of_record
TN:
SF:src\Accumulator2D.ts
FN:9,(anonymous_0)
FN:14,(anonymous_1)
FN:36,(anonymous_2)
FN:49,(anonymous_3)
FN:69,(anonymous_4)
FN:85,(anonymous_5)
FNF:6
FNH:6
FNDA:9,(anonymous_0)
FNDA:2,(anonymous_1)
FNDA:6,(anonymous_2)
FNDA:25,(anonymous_3)
FNDA:4,(anonymous_4)
FNDA:1,(anonymous_5)
DA:1,2
DA:3,2
DA:10,9
DA:11,21
DA:15,2
DA:16,6
DA:37,6
DA:39,6
DA:50,25
DA:52,25
DA:53,9
DA:55,9
DA:56,1
DA:59,16
DA:70,4
DA:72,4
DA:73,2
DA:75,2
DA:76,1
DA:79,2
DA:86,1
DA:87,2
DA:91,9
LF:23
LH:23
BRDA:9,0,0,2
BRDA:37,1,0,4
BRDA:37,1,1,2
BRDA:37,2,0,6
BRDA:37,2,1,6
BRDA:39,3,0,3
BRDA:39,3,1,3
BRDA:39,4,0,2
BRDA:39,4,1,1
BRDA:39,5,0,3
BRDA:39,5,1,3
BRDA:52,6,0,9
BRDA:52,6,1,16
BRDA:55,7,0,8
BRDA:55,7,1,1
BRDA:72,8,0,2
BRDA:72,8,1,2
BRDA:75,9,0,1
BRDA:75,9,1,1
BRF:19
BRH:19
end_of_record
TN:
SF:src\index.ts
FN:1,(anonymous_0)
FN:2,(anonymous_1)
FNF:2
FNH:2
FNDA:6,(anonymous_0)
FNDA:9,(anonymous_1)
DA:1,8
DA:2,11
LF:2
LH:2
BRF:0
BRH:0
end_of_record
